<?xml version="1.0" encoding="utf-8"?><testsuites name="pytest tests"><testsuite name="pytest" errors="0" failures="0" skipped="15" tests="27" time="2.800" timestamp="2025-07-20T16:50:25.240107+00:00" hostname="codespaces-6bb487"><testcase classname="taskmanager.tests.TestTaskModel" name="test_can_create_task" time="0.119" /><testcase classname="taskmanager.tests.TestTaskModel" name="test_can_delete_task" time="0.020" /><testcase classname="taskmanager.tests.TestTaskModel" name="test_can_update_task" time="0.014" /><testcase classname="taskmanager.tests.TestTaskModel" name="test_can_view_task" time="0.012" /><testcase classname="taskmanager.tests.TestTaskModel" name="test_can_associate_task_with_sprint" time="0.007"><skipped type="pytest.xfail" message="linking tasks to sprints not implemented yet" /></testcase><testcase classname="taskmanager.tests.TestTaskModel" name="test_task_creation_with_invalid_title" time="0.017"><skipped type="pytest.xfail" message="task title validation not implemented yet - need to be written in active speech" /></testcase><testcase classname="taskmanager.tests.TestTaskModel" name="test_task_creation_with_invalid_due_date" time="0.015"><skipped type="pytest.xfail" message="due date validation not implemented yet" /></testcase><testcase classname="taskmanager.tests.TestTaskModel" name="test_task_creation_with_invalid_status" time="0.014"><skipped type="pytest.xfail" message="testing status validation" /></testcase><testcase classname="taskmanager.tests.TestTaskModel" name="test_task_creation_with_html_in_title" time="0.031"><skipped type="pytest.xfail" message="input sanitization not implemented yet" /></testcase><testcase classname="taskmanager.tests.TestTaskmanagerEndpoints" name="test_view_resolves_to_correct_class[taskmanager:task-manager-homepage-ViewTaskManagerHomepage]" time="0.006" /><testcase classname="taskmanager.tests.TestTaskmanagerEndpoints" name="test_view_resolves_to_correct_class[taskmanager:task-manager-help-page-ViewTaskManagerHelpPage]" time="0.001" /><testcase classname="taskmanager.tests.TestTaskmanagerEndpoints" name="test_view_resolves_to_correct_class[taskmanager:task-list-ViewTaskList]" time="0.002" /><testcase classname="taskmanager.tests.TestTaskmanagerEndpoints" name="test_view_resolves_to_correct_class[taskmanager:task-create-ViewTaskCreate]" time="0.001" /><testcase classname="taskmanager.tests.TestTaskmanagerEndpoints" name="test_view_resolves_to_correct_class[taskmanager:task-detail-ViewTaskDetail]" time="0.001" /><testcase classname="taskmanager.tests.TestTaskmanagerEndpoints" name="test_view_resolves_to_correct_class[taskmanager:task-delete-ViewTaskDelete]" time="0.001" /><testcase classname="taskmanager.tests.TestTaskmanagerEndpoints" name="test_view_resolves_to_correct_class[taskmanager:task-update-ViewTaskUpdate]" time="0.002" /><testcase classname="taskmanager.tests.TestTaskmanagerEndpoints" name="test_view_resolves_to_correct_class[taskmanager:sprint-list-ViewSprintList]" time="0.001" /><testcase classname="taskmanager.tests.TestSprintModel" name="test_can_create_sprint" time="0.001"><skipped type="pytest.xfail" message="still building the Sprint model" /></testcase><testcase classname="taskmanager.tests.TestSprintModel" name="test_can_delete_sprint" time="0.001"><skipped type="pytest.xfail" message="still building the Sprint model" /></testcase><testcase classname="taskmanager.tests.TestSprintModel" name="test_can_update_sprint" time="0.001"><skipped type="pytest.xfail" message="still building the Sprint model" /></testcase><testcase classname="taskmanager.tests.TestSprintModel" name="test_can_view_sprint" time="0.001"><skipped type="pytest.xfail" message="still building the Sprint model" /></testcase><testcase classname="taskmanager.tests.TestSprintModel" name="test_can_associate_sprint_with_tasks" time="0.001"><skipped type="pytest.xfail" message="still building the Sprint model" /></testcase><testcase classname="taskmanager.tests.TestSprintModel" name="test_sprint_end_date_after_start_date" time="0.001"><skipped type="pytest.xfail" message="still building the Sprint model" /></testcase><testcase classname="taskmanager.tests.TestSprintModel" name="test_sprint_end_date_before_start_date" time="0.001"><skipped type="pytest.xfail" message="still building the Sprint model" /></testcase><testcase classname="taskmanager.tests.TestSprintModel" name="test_sprint_creator" time="0.278"><skipped type="pytest.xfail" message="still building the Sprint model" /></testcase><testcase classname="taskmanager.tests.TestSprintModel" name="test_sprint_description" time="0.001"><skipped type="pytest.xfail" message="still building the Sprint model" /></testcase><testcase classname="taskmanager.tests.TestSprintView" name="test_sprint_list_view" time="0.061"><skipped type="pytest.xfail" message="building the Sprint view" /></testcase></testsuite></testsuites>